<?xml version="1.0" encoding="UTF-8"?>
<!-- Generated by org.testng.reporters.JUnitReportReporter -->
<testsuite hostname="LAPTOP-I3S2UBK5" failures="0" tests="1" name="com.testingshastra.TestData" time="0.517" errors="0" timestamp="2024-01-31T19:10:26 IST" skipped="0">
  <testcase classname="com.testingshastra.TestData" name="pincodesdata" time="0.517"/>
  <system-out/>
</testsuite> <!-- com.testingshastra.TestData -->
