<?xml version="1.0" encoding="UTF-8"?>
<!-- Generated by org.testng.reporters.JUnitReportReporter -->
<testsuite hostname="LAPTOP-I3S2UBK5" failures="0" tests="15" name="com.testingshastra.ExcelDemo" time="0.059" errors="0" timestamp="2024-01-31T19:28:43 IST" skipped="0">
  <testcase classname="com.testingshastra.ExcelDemo" name="verifyThatErrormsgIsAbsentForValidPincode" time="0.002"/>
  <system-out/>
  <testcase classname="com.testingshastra.ExcelDemo" name="verifyThatErrormsgIsAbsentForValidPincode" time="0.004"/>
  <system-out/>
  <testcase classname="com.testingshastra.ExcelDemo" name="verifyThatErrormsgIsAbsentForValidPincode" time="0.001"/>
  <system-out/>
  <testcase classname="com.testingshastra.ExcelDemo" name="verifyThatErrormsgIsAbsentForValidPincode" time="0.002"/>
  <system-out/>
  <testcase classname="com.testingshastra.ExcelDemo" name="verifyThatErrormsgIsAbsentForValidPincode" time="0.018"/>
  <system-out/>
  <testcase classname="com.testingshastra.ExcelDemo" name="verifyThatErrormsgIsAbsentForValidPincode" time="0.001"/>
  <system-out/>
  <testcase classname="com.testingshastra.ExcelDemo" name="verifyThatErrormsgIsAbsentForValidPincode" time="0.003"/>
  <system-out/>
  <testcase classname="com.testingshastra.ExcelDemo" name="verifyThatErrormsgIsAbsentForValidPincode" time="0.001"/>
  <system-out/>
  <testcase classname="com.testingshastra.ExcelDemo" name="verifyThatErrormsgIsAbsentForValidPincode" time="0.001"/>
  <system-out/>
  <testcase classname="com.testingshastra.ExcelDemo" name="verifyThatErrormsgIsAbsentForValidPincode" time="0.003"/>
  <system-out/>
  <testcase classname="com.testingshastra.ExcelDemo" name="verifyThatErrormsgIsAbsentForValidPincode" time="0.013"/>
  <system-out/>
  <testcase classname="com.testingshastra.ExcelDemo" name="verifyThatErrormsgIsAbsentForValidPincode" time="0.003"/>
  <system-out/>
  <testcase classname="com.testingshastra.ExcelDemo" name="verifyThatErrormsgIsAbsentForValidPincode" time="0.001"/>
  <system-out/>
  <testcase classname="com.testingshastra.ExcelDemo" name="verifyThatErrormsgIsAbsentForValidPincode" time="0.001"/>
  <system-out/>
  <testcase classname="com.testingshastra.ExcelDemo" name="verifyThatErrormsgIsAbsentForValidPincode" time="0.005"/>
  <system-out/>
</testsuite> <!-- com.testingshastra.ExcelDemo -->
